#
# There is insufficient memory for the Java Runtime Environment to continue.
# Native memory allocation (malloc) failed to allocate 890192 bytes for Chunk::new
# Possible reasons:
#   The system is out of physical RAM or swap space
#   In 32 bit mode, the process size limit was hit
# Possible solutions:
#   Reduce memory load on the system
#   Increase physical memory or swap space
#   Check if swap backing store is full
#   Use 64 bit Java on a 64 bit OS
#   Decrease Java heap size (-Xmx/-Xms)
#   Decrease number of Java threads
#   Decrease Java thread stack sizes (-Xss)
#   Set larger code cache with -XX:ReservedCodeCacheSize=
# This output file may be truncated or incomplete.
#
#  Out of Memory Error (allocation.cpp:390), pid=16712, tid=0x00000000000040a8
#
# JRE version: OpenJDK Runtime Environment (8.0_76-b03) (build 1.8.0_76-release-b03)
# Java VM: OpenJDK 64-Bit Server VM (25.76-b03 mixed mode windows-amd64 compressed oops)
# Failed to write core dump. Minidumps are not enabled by default on client versions of Windows
#

---------------  T H R E A D  ---------------

Current thread (0x0000000015bea000):  JavaThread "C2 CompilerThread1" daemon [_thread_in_native, id=16552, stack(0x0000000017600000,0x0000000017700000)]

Stack: [0x0000000017600000,0x0000000017700000]
[error occurred during error reporting (printing stack bounds), id 0xc0000005]

Native frames: (J=compiled Java code, j=interpreted, Vv=VM code, C=native code)


Current CompileTask:
C2:   4266 1516       4       com.android.dx.ssa.LocalVariableExtractor::processBlock (383 bytes)


---------------  P R O C E S S  ---------------

Java Threads: ( => current thread )
  0x00000000171e6800 JavaThread "pool-2-thread-4" [_thread_blocked, id=16668, stack(0x0000000017e00000,0x0000000017f00000)]
  0x00000000171e6000 JavaThread "pool-2-thread-3" [_thread_blocked, id=15400, stack(0x0000000017d00000,0x0000000017e00000)]
  0x00000000171a8800 JavaThread "pool-2-thread-2" [_thread_in_Java, id=16308, stack(0x0000000017c00000,0x0000000017d00000)]
  0x000000001716f000 JavaThread "pool-3-thread-1" [_thread_blocked, id=15972, stack(0x0000000017b00000,0x0000000017c00000)]
  0x0000000017159800 JavaThread "pool-2-thread-1" [_thread_blocked, id=17248, stack(0x0000000017a00000,0x0000000017b00000)]
  0x0000000016f65800 JavaThread "Service Thread" daemon [_thread_blocked, id=16460, stack(0x0000000017800000,0x0000000017900000)]
  0x0000000016f63000 JavaThread "C1 CompilerThread2" daemon [_thread_blocked, id=16596, stack(0x0000000017700000,0x0000000017800000)]
=>0x0000000015bea000 JavaThread "C2 CompilerThread1" daemon [_thread_in_native, id=16552, stack(0x0000000017600000,0x0000000017700000)]
  0x0000000015be8000 JavaThread "C2 CompilerThread0" daemon [_thread_in_native, id=16512, stack(0x0000000017500000,0x0000000017600000)]
  0x0000000015be6000 JavaThread "Attach Listener" daemon [_thread_blocked, id=16820, stack(0x0000000017400000,0x0000000017500000)]
  0x0000000015b9b800 JavaThread "Signal Dispatcher" daemon [_thread_blocked, id=16884, stack(0x0000000017300000,0x0000000017400000)]
  0x0000000015b78000 JavaThread "Finalizer" daemon [_thread_blocked, id=16688, stack(0x0000000016e00000,0x0000000016f00000)]
  0x0000000015b57000 JavaThread "Reference Handler" daemon [_thread_blocked, id=16496, stack(0x0000000016d00000,0x0000000016e00000)]
  0x00000000033c0800 JavaThread "main" [_thread_in_Java, id=17360, stack(0x00000000031e0000,0x00000000032e0000)]

Other Threads:
  0x0000000015b55800 VMThread [stack: 0x0000000016c00000,0x0000000016d00000] [id=17272]
  0x0000000016f66800 WatcherThread [stack: 0x0000000017900000,0x0000000017a00000] [id=9816]

VM state:not at safepoint (normal execution)

VM Mutex/Monitor currently owned by a thread: None

Heap:
 PSYoungGen      total 71680K, used 7592K [0x00000000eab00000, 0x00000000ef600000, 0x0000000100000000)
  eden space 66560K, 3% used [0x00000000eab00000,0x00000000ead6ef00,0x00000000eec00000)
  from space 5120K, 99% used [0x00000000ef100000,0x00000000ef5fb160,0x00000000ef600000)
  to   space 5120K, 0% used [0x00000000eec00000,0x00000000eec00000,0x00000000ef100000)
 ParOldGen       total 87552K, used 7033K [0x00000000c0000000, 0x00000000c5580000, 0x00000000eab00000)
  object space 87552K, 8% used [0x00000000c0000000,0x00000000c06de408,0x00000000c5580000)
 Metaspace       used 6140K, capacity 7088K, committed 7296K, reserved 1056768K
  class space    used 585K, capacity 616K, committed 640K, reserved 1048576K

Card table byte_map: [0x0000000012880000,0x0000000012a90000] byte_map_base: 0x0000000012280000

Marking Bits: (ParMarkBitMap*) 0x00000000730c9d00
 Begin Bits: [0x0000000012ff0000, 0x0000000013ff0000)
 End Bits:   [0x0000000013ff0000, 0x0000000014ff0000)

Polling page: 0x0000000002da0000

CodeCache: size=245760Kb used=6792Kb max_used=6802Kb free=238968Kb
 bounds [0x00000000034c0000, 0x0000000003b70000, 0x00000000124c0000]
 total_blobs=1832 nmethods=1568 adapters=178
 compilation: enabled

Compilation events (10 events):
Event: 3.689 Thread 0x0000000016f63000 1570       3       com.android.dx.rop.cst.CstType::hashCode (8 bytes)
Event: 3.690 Thread 0x0000000016f63000 nmethod 1570 0x0000000003b50710 code [0x0000000003b50880, 0x0000000003b50b68]
Event: 3.691 Thread 0x0000000016f63000 1571       3       com.android.dx.rop.annotation.Annotations::addAll (59 bytes)
Event: 3.691 Thread 0x0000000016f63000 nmethod 1571 0x0000000003b50c90 code [0x0000000003b50ea0, 0x0000000003b519b8]
Event: 3.888 Thread 0x0000000016f63000 1572       1       com.android.dx.ssa.PhiInsn::canThrow (2 bytes)
Event: 3.888 Thread 0x0000000016f63000 nmethod 1572 0x0000000003b51e90 code [0x0000000003b51fe0, 0x0000000003b520f0]
Event: 3.891 Thread 0x0000000016f63000 1573       3       com.android.dx.rop.code.Rops::opReturn (89 bytes)
Event: 3.892 Thread 0x0000000016f63000 nmethod 1573 0x0000000003b52150 code [0x0000000003b52380, 0x0000000003b52f78]
Event: 3.892 Thread 0x0000000016f63000 1574       3       com.android.dx.util.ByteArray::getByte (14 bytes)
Event: 3.892 Thread 0x0000000016f63000 nmethod 1574 0x0000000003b53510 code [0x0000000003b53680, 0x0000000003b538c8]

GC Heap History (4 events):
Event: 2.673 GC heap before
{Heap before GC invocations=1 (full 0):
 PSYoungGen      total 38400K, used 33280K [0x00000000eab00000, 0x00000000ed580000, 0x0000000100000000)
  eden space 33280K, 100% used [0x00000000eab00000,0x00000000ecb80000,0x00000000ecb80000)
  from space 5120K, 0% used [0x00000000ed080000,0x00000000ed080000,0x00000000ed580000)
  to   space 5120K, 0% used [0x00000000ecb80000,0x00000000ecb80000,0x00000000ed080000)
 ParOldGen       total 87552K, used 0K [0x00000000c0000000, 0x00000000c5580000, 0x00000000eab00000)
  object space 87552K, 0% used [0x00000000c0000000,0x00000000c0000000,0x00000000c5580000)
 Metaspace       used 5877K, capacity 6960K, committed 7040K, reserved 1056768K
  class space    used 567K, capacity 616K, committed 640K, reserved 1048576K
Event: 2.724 GC heap after
Heap after GC invocations=1 (full 0):
 PSYoungGen      total 38400K, used 5116K [0x00000000eab00000, 0x00000000ef600000, 0x0000000100000000)
  eden space 33280K, 0% used [0x00000000eab00000,0x00000000eab00000,0x00000000ecb80000)
  from space 5120K, 99% used [0x00000000ecb80000,0x00000000ed07f300,0x00000000ed080000)
  to   space 5120K, 0% used [0x00000000ef100000,0x00000000ef100000,0x00000000ef600000)
 ParOldGen       total 87552K, used 1830K [0x00000000c0000000, 0x00000000c5580000, 0x00000000eab00000)
  object space 87552K, 2% used [0x00000000c0000000,0x00000000c01c9908,0x00000000c5580000)
 Metaspace       used 5877K, capacity 6960K, committed 7040K, reserved 1056768K
  class space    used 567K, capacity 616K, committed 640K, reserved 1048576K
}
Event: 3.893 GC heap before
{Heap before GC invocations=2 (full 0):
 PSYoungGen      total 38400K, used 38396K [0x00000000eab00000, 0x00000000ef600000, 0x0000000100000000)
  eden space 33280K, 100% used [0x00000000eab00000,0x00000000ecb80000,0x00000000ecb80000)
  from space 5120K, 99% used [0x00000000ecb80000,0x00000000ed07f300,0x00000000ed080000)
  to   space 5120K, 0% used [0x00000000ef100000,0x00000000ef100000,0x00000000ef600000)
 ParOldGen       total 87552K, used 1830K [0x00000000c0000000, 0x00000000c5580000, 0x00000000eab00000)
  object space 87552K, 2% used [0x00000000c0000000,0x00000000c01c9908,0x00000000c5580000)
 Metaspace       used 6139K, capacity 7088K, committed 7296K, reserved 1056768K
  class space    used 585K, capacity 616K, committed 640K, reserved 1048576K
Event: 3.956 GC heap after
Heap after GC invocations=2 (full 0):
 PSYoungGen      total 71680K, used 5100K [0x00000000eab00000, 0x00000000ef600000, 0x0000000100000000)
  eden space 66560K, 0% used [0x00000000eab00000,0x00000000eab00000,0x00000000eec00000)
  from space 5120K, 99% used [0x00000000ef100000,0x00000000ef5fb160,0x00000000ef600000)
  to   space 5120K, 0% used [0x00000000eec00000,0x00000000eec00000,0x00000000ef100000)
 ParOldGen       total 87552K, used 7033K [0x00000000c0000000, 0x00000000c5580000, 0x00000000eab00000)
  object space 87552K, 8% used [0x00000000c0000000,0x00000000c06de408,0x00000000c5580000)
 Metaspace       used 6139K, capacity 7088K, committed 7296K, reserved 1056768K
  class space    used 585K, capacity 616K, committed 640K, reserved 1048576K
}

Deoptimization events (10 events):
Event: 2.470 Thread 0x00000000033c0800 Uncommon trap: reason=unstable_if action=reinterpret pc=0x00000000039645ac method=com.android.dx.rop.code.RegisterSpecSet.put(Lcom/android/dx/rop/code/RegisterSpec;)V @ 77
Event: 2.470 Thread 0x00000000033c0800 Uncommon trap: reason=unstable_if action=reinterpret pc=0x00000000038ace6c method=com.android.dx.rop.code.RegisterSpecSet.put(Lcom/android/dx/rop/code/RegisterSpec;)V @ 77
Event: 2.488 Thread 0x00000000033c0800 Uncommon trap: reason=null_check action=make_not_entrant pc=0x00000000037e8140 method=com.android.dx.ssa.SsaRenamer.getLocalForNewReg(I)Lcom/android/dx/rop/code/LocalItem; @ 19
Event: 2.810 Thread 0x0000000017159800 Uncommon trap: reason=unstable_if action=reinterpret pc=0x00000000037df6d0 method=com.android.dx.rop.code.RegisterSpec.equals(ILcom/android/dx/rop/type/TypeBearer;Lcom/android/dx/rop/code/LocalItem;)Z @ 42
Event: 3.485 Thread 0x00000000171a8800 Uncommon trap: reason=unstable_if action=reinterpret pc=0x000000000387ebb4 method=com.android.dx.rop.code.LocalItem.hashCode()I @ 25
Event: 3.485 Thread 0x00000000171a8800 Uncommon trap: reason=unstable_if action=reinterpret pc=0x0000000003841af4 method=com.android.dx.rop.code.LocalItem.hashCode()I @ 25
Event: 3.488 Thread 0x00000000171a8800 Uncommon trap: reason=unstable_if action=reinterpret pc=0x00000000037d414c method=com.android.dx.rop.code.LocalItem.hashCode()I @ 25
Event: 3.608 Thread 0x00000000171e6000 Uncommon trap: reason=unstable_if action=reinterpret pc=0x00000000039089d0 method=java.util.HashMap.putVal(ILjava/lang/Object;Ljava/lang/Object;ZZ)Ljava/lang/Object; @ 162
Event: 3.612 Thread 0x00000000171e6000 Uncommon trap: reason=unstable_if action=reinterpret pc=0x00000000039ec518 method=java.util.HashMap.getNode(ILjava/lang/Object;)Ljava/util/HashMap$Node; @ 84
Event: 3.619 Thread 0x00000000171e6000 Uncommon trap: reason=null_check action=make_not_entrant pc=0x0000000003aa5220 method=com.android.dx.rop.type.Type.equals(Ljava/lang/Object;)Z @ 8

Internal exceptions (7 events):
Event: 0.054 Thread 0x00000000033c0800 Exception <a 'java/lang/NoSuchMethodError': Method sun.misc.Unsafe.defineClass(Ljava/lang/String;[BII)Ljava/lang/Class; name or signature does not match> (0x00000000eab07cc0) thrown at [C:\src\android\AOSP-openjdk\external\jetbrains\jdk\hotspot\src\share\v÷|zKÂ´?
Event: 0.054 Thread 0x00000000033c0800 Exception <a 'java/lang/NoSuchMethodError': Method sun.misc.Unsafe.prefetchRead(Ljava/lang/Object;J)V name or signature does not match> (0x00000000eab07fa8) thrown at [C:\src\android\AOSP-openjdk\external\jetbrains\jdk\hotspot\src\share\vm\prims\jni.cpp, lã/ùêÁ@
Event: 2.488 Thread 0x00000000033c0800 Implicit null exception at 0x00000000037e5c94 to 0x00000000037e80f9
Event: 3.610 Thread 0x00000000171e6000 Exception <a 'java/lang/ArrayIndexOutOfBoundsException': 18> (0x00000000ec0d3a08) thrown at [C:\src\android\AOSP-openjdk\external\jetbrains\jdk\hotspot\src\share\vm\interpreter\interpreterRuntime.cpp, line 366]
Event: 3.610 Thread 0x00000000171e6000 Exception <a 'java/lang/ArrayIndexOutOfBoundsException': 145> (0x00000000ec0d5588) thrown at [C:\src\android\AOSP-openjdk\external\jetbrains\jdk\hotspot\src\share\vm\interpreter\interpreterRuntime.cpp, line 366]
Event: 3.611 Thread 0x00000000171e6000 Exception <a 'java/lang/ArrayIndexOutOfBoundsException'> (0x00000000ec0d6870) thrown at [C:\src\android\AOSP-openjdk\external\jetbrains\jdk\hotspot\src\share\vm\runtime\sharedRuntime.cpp, line 605]
Event: 3.619 Thread 0x00000000171e6000 Implicit null exception at 0x0000000003aa5122 to 0x0000000003aa5212

Events (10 events):
Event: 3.611 loading class sun/reflect/generics/reflectiveObjects/LazyReflectiveObjectGenerator done
Event: 3.611 loading class sun/reflect/generics/reflectiveObjects/TypeVariableImpl done
Event: 3.612 Thread 0x00000000171e6000 Uncommon trap: trap_request=0xffffff65 fr.pc=0x00000000039ec518
Event: 3.612 Thread 0x00000000171e6000 DEOPT PACKING pc=0x00000000039ec518 sp=0x0000000017dfec50
Event: 3.612 Thread 0x00000000171e6000 DEOPT UNPACKING pc=0x000000000350556a sp=0x0000000017dfebc8 mode 2
Event: 3.619 Thread 0x00000000171e6000 Uncommon trap: trap_request=0xfffffff4 fr.pc=0x0000000003aa5220
Event: 3.619 Thread 0x00000000171e6000 DEOPT PACKING pc=0x0000000003aa5220 sp=0x0000000017dfe9f0
Event: 3.619 Thread 0x00000000171e6000 DEOPT UNPACKING pc=0x000000000350556a sp=0x0000000017dfe978 mode 2
Event: 3.893 Executing VM operation: ParallelGCFailedAllocation
Event: 3.956 Executing VM operation: ParallelGCFailedAllocation done


Dynamic libraries:
0x00007ff7632e0000 - 0x00007ff763311000 	D:\Android\AndroidStudio\jre\bin\java.exe
0x00007ffcf8270000 - 0x00007ffcf8431000 	C:\windows\SYSTEM32\ntdll.dll
0x00007ffcf5db0000 - 0x00007ffcf5e5d000 	C:\windows\system32\KERNEL32.DLL
0x00007ffcf4b90000 - 0x00007ffcf4d78000 	C:\windows\system32\KERNELBASE.dll
0x00007ffcf81c0000 - 0x00007ffcf8267000 	C:\windows\system32\ADVAPI32.dll
0x00007ffcf7d80000 - 0x00007ffcf7e1d000 	C:\windows\system32\msvcrt.dll
0x00007ffcf5ca0000 - 0x00007ffcf5cfb000 	C:\windows\system32\sechost.dll
0x00007ffcf7e20000 - 0x00007ffcf7f3c000 	C:\windows\system32\RPCRT4.dll
0x00007ffcf59e0000 - 0x00007ffcf5b36000 	C:\windows\system32\USER32.dll
0x00007ffcf5650000 - 0x00007ffcf57d6000 	C:\windows\system32\GDI32.dll
0x00007ffce7be0000 - 0x00007ffce7e54000 	C:\windows\WinSxS\amd64_microsoft.windows.common-controls_6595b64144ccf1df_6.0.10586.494_none_a2d8b04ea53e3145\COMCTL32.dll
0x00007ffcf7f40000 - 0x00007ffcf81bd000 	C:\windows\system32\combase.dll
0x00007ffcf4ac0000 - 0x00007ffcf4b2a000 	C:\windows\system32\bcryptPrimitives.dll
0x00007ffcf5850000 - 0x00007ffcf588b000 	C:\windows\system32\IMM32.DLL
0x0000000072720000 - 0x00000000727f2000 	D:\Android\AndroidStudio\jre\jre\bin\msvcr100.dll
0x0000000072910000 - 0x0000000073144000 	D:\Android\AndroidStudio\jre\jre\bin\server\jvm.dll
0x00007ffcf5e60000 - 0x00007ffcf5e68000 	C:\windows\system32\PSAPI.DLL
0x00007ffcea090000 - 0x00007ffcea099000 	C:\windows\SYSTEM32\WSOCK32.dll
0x00007ffcf57e0000 - 0x00007ffcf584b000 	C:\windows\system32\WS2_32.dll
0x00007ffcf2ab0000 - 0x00007ffcf2ad3000 	C:\windows\SYSTEM32\WINMM.dll
0x00007ffce9960000 - 0x00007ffce996a000 	C:\windows\SYSTEM32\VERSION.dll
0x00007ffcf2a80000 - 0x00007ffcf2aac000 	C:\windows\SYSTEM32\WINMMBASE.dll
0x00007ffcf4a70000 - 0x00007ffcf4ab3000 	C:\windows\system32\cfgmgr32.dll
0x00007ffcf0af0000 - 0x00007ffcf0aff000 	D:\Android\AndroidStudio\jre\jre\bin\verify.dll
0x00007ffcf0ac0000 - 0x00007ffcf0ae9000 	D:\Android\AndroidStudio\jre\jre\bin\java.dll
0x00007ffcf0aa0000 - 0x00007ffcf0ab6000 	D:\Android\AndroidStudio\jre\jre\bin\zip.dll
0x00007ffcf6550000 - 0x00007ffcf7aac000 	C:\windows\system32\SHELL32.dll
0x00007ffcf5000000 - 0x00007ffcf5645000 	C:\windows\system32\windows.storage.dll
0x00007ffcf5ee0000 - 0x00007ffcf5f32000 	C:\windows\system32\shlwapi.dll
0x00007ffcf4880000 - 0x00007ffcf488f000 	C:\windows\system32\kernel.appcore.dll
0x00007ffcf4990000 - 0x00007ffcf4a45000 	C:\windows\system32\shcore.dll
0x00007ffcf4890000 - 0x00007ffcf48db000 	C:\windows\system32\powrprof.dll
0x00007ffcf48e0000 - 0x00007ffcf48f4000 	C:\windows\system32\profapi.dll

VM Arguments:
jvm_args: -Djava.awt.headless=true -Xmx1024M -Dfile.encoding=GBK -Duser.country=CN -Duser.language=zh -Duser.variant 
java_command: com.android.dx.command.Main --dex --force-jumbo --num-threads=4 --multi-dex --output D:\Android\projects\superCurtain2\app\build\intermediates\transforms\dex\debug\folders\1000\10\com.android.support-support-core-ui-24.2.1_83d979fc398e70d8e8bd7e6bf044f941973d9ecc D:\Android\projects\superCurtain2\app\build\intermediates\exploded-aar\com.android.support\support-core-ui\24.2.1\jars\classes.jar
java_class_path (initial): D:\Android\AndroidSDK\build-tools\24.0.2\lib\dx.jar
Launcher Type: SUN_STANDARD

Environment Variables:
JAVA_HOME=D:\Java\jdk1.8
CLASSPATH=.;D:\Java\jdk1.8\lib;D:\Java\jdk1.8\lib\tools.jar
PATH=D:\OpenCV3.0\opencv\build\x64\vc12\bin;D:\OpenCV3.0\opencv\build\x86\vc12\bin;D:\CMake\bin;D:\ARMDS5\bin;D:\OpenCV1.0\bin;
USERNAME=yuq32
OS=Windows_NT
PROCESSOR_IDENTIFIER=Intel64 Family 6 Model 58 Stepping 9, GenuineIntel



---------------  S Y S T E M  ---------------

OS: Windows 10.0 , 64 bit Build 10586 (10.0.10586.0)

CPU:total 4 (2 cores per cpu, 2 threads per core) family 6 model 58 stepping 9, cmov, cx8, fxsr, mmx, sse, sse2, sse3, ssse3, sse4.1, sse4.2, popcnt, avx, aes, clmul, erms, ht, tsc, tscinvbit, tscinv

Memory: 4k page, physical 8272832k(893764k free), swap 8272832k(12056k free)

vm_info: OpenJDK 64-Bit Server VM (25.76-b03) for windows-amd64 JRE (1.8.0_76-release-b03), built on Jun 29 2016 19:09:20 by "ralucas" with MS VC++ 10.0 (VS2010)

time: Thu Oct 06 20:41:46 2016
elapsed time: 4 seconds (0d 0h 0m 4s)

