#
# There is insufficient memory for the Java Runtime Environment to continue.
# Native memory allocation (malloc) failed to allocate 2037296 bytes for Chunk::new
# Possible reasons:
#   The system is out of physical RAM or swap space
#   In 32 bit mode, the process size limit was hit
# Possible solutions:
#   Reduce memory load on the system
#   Increase physical memory or swap space
#   Check if swap backing store is full
#   Use 64 bit Java on a 64 bit OS
#   Decrease Java heap size (-Xmx/-Xms)
#   Decrease number of Java threads
#   Decrease Java thread stack sizes (-Xss)
#   Set larger code cache with -XX:ReservedCodeCacheSize=
# This output file may be truncated or incomplete.
#
#  Out of Memory Error (allocation.cpp:390), pid=30756, tid=21524
#
# JRE version: Java(TM) SE Runtime Environment (8.0_45-b15) (build 1.8.0_45-b15)
# Java VM: Java HotSpot(TM) 64-Bit Server VM (25.45-b02 mixed mode windows-amd64 compressed oops)
# Failed to write core dump. Minidumps are not enabled by default on client versions of Windows
#

---------------  T H R E A D  ---------------

Current thread (0x00000000159ce000):  JavaThread "C2 CompilerThread1" daemon [_thread_in_native, id=21524, stack(0x00000000173d0000,0x00000000174d0000)]

Stack: [0x00000000173d0000,0x00000000174d0000]
Native frames: (J=compiled Java code, j=interpreted, Vv=VM code, C=native code)
V  [jvm.dll+0x32b57a]
V  [jvm.dll+0x279873]
V  [jvm.dll+0x27a509]
V  [jvm.dll+0x271825]
V  [jvm.dll+0xcb9e2]
V  [jvm.dll+0xcbeac]
V  [jvm.dll+0x476ef2]
V  [jvm.dll+0x4b955f]
V  [jvm.dll+0x46bc14]
V  [jvm.dll+0x46ccbe]
V  [jvm.dll+0x4500f2]
V  [jvm.dll+0xa4352]
V  [jvm.dll+0xa4c8f]
V  [jvm.dll+0x241984]
V  [jvm.dll+0x29853a]
C  [msvcr100.dll+0x21d9f]
C  [msvcr100.dll+0x21e3b]
C  [KERNEL32.DLL+0x18102]
C  [ntdll.dll+0x5c5b4]


Current CompileTask:
C2:   4594 1721   !   4       com.android.dx.cf.code.BytecodeArray::parseInstruction (2764 bytes)


---------------  P R O C E S S  ---------------

Java Threads: ( => current thread )
  0x0000000017258800 JavaThread "pool-2-thread-4" [_thread_blocked, id=31552, stack(0x0000000017bd0000,0x0000000017cd0000)]
  0x0000000017258000 JavaThread "pool-2-thread-3" [_thread_blocked, id=28944, stack(0x0000000017ad0000,0x0000000017bd0000)]
  0x0000000017362000 JavaThread "pool-2-thread-2" [_thread_in_Java, id=8724, stack(0x00000000179d0000,0x0000000017ad0000)]
  0x0000000017241000 JavaThread "pool-3-thread-1" [_thread_blocked, id=30772, stack(0x00000000178d0000,0x00000000179d0000)]
  0x0000000017254000 JavaThread "pool-2-thread-1" [_thread_in_Java, id=31312, stack(0x00000000177d0000,0x00000000178d0000)]
  0x000000001702f800 JavaThread "Service Thread" daemon [_thread_blocked, id=29456, stack(0x00000000175d0000,0x00000000176d0000)]
  0x000000001702b800 JavaThread "C1 CompilerThread2" daemon [_thread_blocked, id=29988, stack(0x00000000174d0000,0x00000000175d0000)]
=>0x00000000159ce000 JavaThread "C2 CompilerThread1" daemon [_thread_in_native, id=21524, stack(0x00000000173d0000,0x00000000174d0000)]
  0x00000000159cc000 JavaThread "C2 CompilerThread0" daemon [_thread_in_native, id=30540, stack(0x0000000016ed0000,0x0000000016fd0000)]
  0x00000000159cb800 JavaThread "Attach Listener" daemon [_thread_blocked, id=31240, stack(0x0000000016dd0000,0x0000000016ed0000)]
  0x000000001597f000 JavaThread "Signal Dispatcher" daemon [_thread_blocked, id=31268, stack(0x0000000016cd0000,0x0000000016dd0000)]
  0x0000000003296800 JavaThread "Finalizer" daemon [_thread_blocked, id=31632, stack(0x0000000016bd0000,0x0000000016cd0000)]
  0x000000000328d800 JavaThread "Reference Handler" daemon [_thread_blocked, id=31484, stack(0x0000000016ad0000,0x0000000016bd0000)]
  0x00000000031a0800 JavaThread "main" [_thread_blocked, id=31624, stack(0x0000000002cc0000,0x0000000002dc0000)]

Other Threads:
  0x0000000015937800 VMThread [stack: 0x00000000169d0000,0x0000000016ad0000] [id=30576]
  0x0000000017031000 WatcherThread [stack: 0x00000000176d0000,0x00000000177d0000] [id=30228]

VM state:not at safepoint (normal execution)

VM Mutex/Monitor currently owned by a thread: None

Heap:
 PSYoungGen      total 71680K, used 41153K [0x00000000eab00000, 0x00000000ef600000, 0x0000000100000000)
  eden space 66560K, 54% used [0x00000000eab00000,0x00000000ece33aa8,0x00000000eec00000)
  from space 5120K, 99% used [0x00000000ef100000,0x00000000ef5fca38,0x00000000ef600000)
  to   space 5120K, 0% used [0x00000000eec00000,0x00000000eec00000,0x00000000ef100000)
 ParOldGen       total 87552K, used 15958K [0x00000000c0000000, 0x00000000c5580000, 0x00000000eab00000)
  object space 87552K, 18% used [0x00000000c0000000,0x00000000c0f95ba8,0x00000000c5580000)
 Metaspace       used 6364K, capacity 7152K, committed 7296K, reserved 1056768K
  class space    used 595K, capacity 616K, committed 640K, reserved 1048576K

Card table byte_map: [0x0000000012660000,0x0000000012870000] byte_map_base: 0x0000000012060000

Marking Bits: (ParMarkBitMap*) 0x0000000058ac4040
 Begin Bits: [0x0000000012dd0000, 0x0000000013dd0000)
 End Bits:   [0x0000000013dd0000, 0x0000000014dd0000)

Polling page: 0x0000000000df0000

CodeCache: size=245760Kb used=7585Kb max_used=7585Kb free=238174Kb
 bounds [0x00000000032a0000, 0x0000000003a10000, 0x00000000122a0000]
 total_blobs=2121 nmethods=1848 adapters=185
 compilation: enabled

Compilation events (10 events):
Event: 4.046 Thread 0x000000001702b800 1770 %     3       com.android.dx.dex.cf.CfTranslator::translate0 @ 141 (259 bytes)
Event: 4.050 Thread 0x000000001702b800 nmethod 1770% 0x0000000003997c50 code [0x00000000039980e0, 0x000000000399b138]
Event: 4.050 Thread 0x000000001702b800 1771       3       com.android.dx.dex.cf.CfTranslator::translate0 (259 bytes)
Event: 4.054 Thread 0x000000001702b800 nmethod 1771 0x000000000399cfd0 code [0x000000000399d460, 0x00000000039a0358]
Event: 4.054 Thread 0x000000001702b800 1772       2       com.android.dx.rop.type.Type::isArray (19 bytes)
Event: 4.054 Thread 0x000000001702b800 nmethod 1772 0x00000000039a2190 code [0x00000000039a2300, 0x00000000039a2508]
Event: 4.084 Thread 0x000000001702b800 1774       2       java.util.concurrent.locks.ReentrantLock$NonfairSync::tryAcquire (6 bytes)
Event: 4.084 Thread 0x000000001702b800 nmethod 1774 0x00000000039a2690 code [0x00000000039a2800, 0x00000000039a2968]
Event: 4.084 Thread 0x000000001702b800 1775       2       java.util.concurrent.locks.ReentrantLock$Sync::nonfairTryAcquire (67 bytes)
Event: 4.084 Thread 0x000000001702b800 nmethod 1775 0x00000000039a2a10 code [0x00000000039a2b80, 0x00000000039a2e08]

GC Heap History (6 events):
Event: 2.582 GC heap before
{Heap before GC invocations=1 (full 0):
 PSYoungGen      total 38400K, used 33280K [0x00000000eab00000, 0x00000000ed580000, 0x0000000100000000)
  eden space 33280K, 100% used [0x00000000eab00000,0x00000000ecb80000,0x00000000ecb80000)
  from space 5120K, 0% used [0x00000000ed080000,0x00000000ed080000,0x00000000ed580000)
  to   space 5120K, 0% used [0x00000000ecb80000,0x00000000ecb80000,0x00000000ed080000)
 ParOldGen       total 87552K, used 0K [0x00000000c0000000, 0x00000000c5580000, 0x00000000eab00000)
  object space 87552K, 0% used [0x00000000c0000000,0x00000000c0000000,0x00000000c5580000)
 Metaspace       used 6011K, capacity 6896K, committed 7040K, reserved 1056768K
  class space    used 595K, capacity 616K, committed 640K, reserved 1048576K
Event: 2.591 GC heap after
Heap after GC invocations=1 (full 0):
 PSYoungGen      total 38400K, used 5105K [0x00000000eab00000, 0x00000000ed580000, 0x0000000100000000)
  eden space 33280K, 0% used [0x00000000eab00000,0x00000000eab00000,0x00000000ecb80000)
  from space 5120K, 99% used [0x00000000ecb80000,0x00000000ed07c470,0x00000000ed080000)
  to   space 5120K, 0% used [0x00000000ed080000,0x00000000ed080000,0x00000000ed580000)
 ParOldGen       total 87552K, used 904K [0x00000000c0000000, 0x00000000c5580000, 0x00000000eab00000)
  object space 87552K, 1% used [0x00000000c0000000,0x00000000c00e2090,0x00000000c5580000)
 Metaspace       used 6011K, capacity 6896K, committed 7040K, reserved 1056768K
  class space    used 595K, capacity 616K, committed 640K, reserved 1048576K
}
Event: 3.397 GC heap before
{Heap before GC invocations=2 (full 0):
 PSYoungGen      total 38400K, used 38385K [0x00000000eab00000, 0x00000000ed580000, 0x0000000100000000)
  eden space 33280K, 100% used [0x00000000eab00000,0x00000000ecb80000,0x00000000ecb80000)
  from space 5120K, 99% used [0x00000000ecb80000,0x00000000ed07c470,0x00000000ed080000)
  to   space 5120K, 0% used [0x00000000ed080000,0x00000000ed080000,0x00000000ed580000)
 ParOldGen       total 87552K, used 904K [0x00000000c0000000, 0x00000000c5580000, 0x00000000eab00000)
  object space 87552K, 1% used [0x00000000c0000000,0x00000000c00e2090,0x00000000c5580000)
 Metaspace       used 6214K, capacity 7088K, committed 7296K, reserved 1056768K
  class space    used 595K, capacity 616K, committed 640K, reserved 1048576K
Event: 3.424 GC heap after
Heap after GC invocations=2 (full 0):
 PSYoungGen      total 38400K, used 5103K [0x00000000eab00000, 0x00000000ef600000, 0x0000000100000000)
  eden space 33280K, 0% used [0x00000000eab00000,0x00000000eab00000,0x00000000ecb80000)
  from space 5120K, 99% used [0x00000000ed080000,0x00000000ed57bc98,0x00000000ed580000)
  to   space 5120K, 0% used [0x00000000ecb80000,0x00000000ecb80000,0x00000000ed080000)
 ParOldGen       total 87552K, used 4827K [0x00000000c0000000, 0x00000000c5580000, 0x00000000eab00000)
  object space 87552K, 5% used [0x00000000c0000000,0x00000000c04b6fb0,0x00000000c5580000)
 Metaspace       used 6214K, capacity 7088K, committed 7296K, reserved 1056768K
  class space    used 595K, capacity 616K, committed 640K, reserved 1048576K
}
Event: 3.952 GC heap before
{Heap before GC invocations=3 (full 0):
 PSYoungGen      total 38400K, used 38383K [0x00000000eab00000, 0x00000000ef600000, 0x0000000100000000)
  eden space 33280K, 100% used [0x00000000eab00000,0x00000000ecb80000,0x00000000ecb80000)
  from space 5120K, 99% used [0x00000000ed080000,0x00000000ed57bc98,0x00000000ed580000)
  to   space 5120K, 0% used [0x00000000ecb80000,0x00000000ecb80000,0x00000000ed080000)
 ParOldGen       total 87552K, used 4827K [0x00000000c0000000, 0x00000000c5580000, 0x00000000eab00000)
  object space 87552K, 5% used [0x00000000c0000000,0x00000000c04b6fb0,0x00000000c5580000)
 Metaspace       used 6276K, capacity 7152K, committed 7296K, reserved 1056768K
  class space    used 595K, capacity 616K, committed 640K, reserved 1048576K
Event: 4.001 GC heap after
Heap after GC invocations=3 (full 0):
 PSYoungGen      total 38400K, used 5104K [0x00000000eab00000, 0x00000000ef600000, 0x0000000100000000)
  eden space 33280K, 0% used [0x00000000eab00000,0x00000000eab00000,0x00000000ecb80000)
  from space 5120K, 99% used [0x00000000ecb80000,0x00000000ed07c020,0x00000000ed080000)
  to   space 5120K, 0% used [0x00000000ef100000,0x00000000ef100000,0x00000000ef600000)
 ParOldGen       total 87552K, used 10484K [0x00000000c0000000, 0x00000000c5580000, 0x00000000eab00000)
  object space 87552K, 11% used [0x00000000c0000000,0x00000000c0a3d068,0x00000000c5580000)
 Metaspace       used 6276K, capacity 7152K, committed 7296K, reserved 1056768K
  class space    used 595K, capacity 616K, committed 640K, reserved 1048576K
}

Deoptimization events (10 events):
Event: 3.718 Thread 0x0000000017254000 Uncommon trap: reason=unstable_if action=reinterpret pc=0x0000000003835b94 method=com.android.dx.ssa.SCCP.simulateStmt(Lcom/android/dx/ssa/SsaInsn;)V @ 53
Event: 3.750 Thread 0x0000000017258800 Uncommon trap: reason=unstable_if action=reinterpret pc=0x0000000003658d90 method=com.android.dx.rop.code.RegisterSpec.equals(ILcom/android/dx/rop/type/TypeBearer;Lcom/android/dx/rop/code/LocalItem;)Z @ 42
Event: 3.751 Thread 0x0000000017258800 Uncommon trap: reason=bimorphic action=maybe_recompile pc=0x0000000003914084 method=com.android.dx.ssa.LiteralOpUpgrader.tryReplacingWithConstant(Lcom/android/dx/ssa/NormalSsaInsn;)Z @ 52
Event: 3.939 Thread 0x0000000017254000 Uncommon trap: reason=unstable_if action=reinterpret pc=0x00000000037aee7c method=com.android.dx.util.IntList.binarysearch(I)I @ 105
Event: 4.009 Thread 0x00000000031a0800 Uncommon trap: reason=bimorphic action=maybe_recompile pc=0x0000000003914084 method=com.android.dx.ssa.LiteralOpUpgrader.tryReplacingWithConstant(Lcom/android/dx/ssa/NormalSsaInsn;)Z @ 52
Event: 4.009 Thread 0x00000000031a0800 Uncommon trap: reason=bimorphic action=maybe_recompile pc=0x0000000003914084 method=com.android.dx.ssa.LiteralOpUpgrader.tryReplacingWithConstant(Lcom/android/dx/ssa/NormalSsaInsn;)Z @ 52
Event: 4.029 Thread 0x00000000031a0800 Uncommon trap: reason=bimorphic action=maybe_recompile pc=0x00000000037554fc method=java.util.HashMap.putVal(ILjava/lang/Object;Ljava/lang/Object;ZZ)Ljava/lang/Object; @ 91
Event: 4.029 Thread 0x00000000031a0800 Uncommon trap: reason=bimorphic action=maybe_recompile pc=0x000000000372e370 method=java.util.HashMap.getNode(ILjava/lang/Object;)Ljava/util/HashMap$Node; @ 126
Event: 4.036 Thread 0x00000000031a0800 Uncommon trap: reason=bimorphic action=maybe_recompile pc=0x00000000037554fc method=java.util.HashMap.putVal(ILjava/lang/Object;Ljava/lang/Object;ZZ)Ljava/lang/Object; @ 91
Event: 4.037 Thread 0x00000000031a0800 Uncommon trap: reason=bimorphic action=maybe_recompile pc=0x000000000372e370 method=java.util.HashMap.getNode(ILjava/lang/Object;)Ljava/util/HashMap$Node; @ 126

Internal exceptions (3 events):
Event: 0.258 Thread 0x00000000031a0800 Exception <a 'java/lang/NoSuchMethodError': Method sun.misc.Unsafe.defineClass(Ljava/lang/String;[BII)Ljava/lang/Class; name or signature does not match> (0x00000000eab12cf8) thrown at [C:\re\workspace\8-2-build-windows-amd64-cygwin\jdk8u45\3627\hotspot\sr1wÚ&†Ð?
Event: 0.258 Thread 0x00000000031a0800 Exception <a 'java/lang/NoSuchMethodError': Method sun.misc.Unsafe.prefetchRead(Ljava/lang/Object;J)V name or signature does not match> (0x00000000eab12f88) thrown at [C:\re\workspace\8-2-build-windows-amd64-cygwin\jdk8u45\3627\hotspot\src\share\vm\prims\jR¸nƒ
@
Event: 3.314 Thread 0x0000000017258800 Implicit null exception at 0x0000000003659b22 to 0x0000000003659c12

Events (10 events):
Event: 4.029 Thread 0x00000000031a0800 DEOPT PACKING pc=0x000000000372e370 sp=0x0000000002dbe1e0
Event: 4.029 Thread 0x00000000031a0800 DEOPT UNPACKING pc=0x00000000032e582a sp=0x0000000002dbe160 mode 2
Event: 4.036 Thread 0x00000000031a0800 Uncommon trap: trap_request=0xffffffc6 fr.pc=0x00000000037554fc
Event: 4.036 Thread 0x00000000031a0800 DEOPT PACKING pc=0x00000000037554fc sp=0x0000000002dbe1e0
Event: 4.037 Thread 0x00000000031a0800 DEOPT UNPACKING pc=0x00000000032e582a sp=0x0000000002dbe168 mode 2
Event: 4.037 Thread 0x00000000031a0800 Uncommon trap: trap_request=0xffffffc6 fr.pc=0x000000000372e370
Event: 4.037 Thread 0x00000000031a0800 DEOPT PACKING pc=0x000000000372e370 sp=0x0000000002dbe1e0
Event: 4.037 Thread 0x00000000031a0800 DEOPT UNPACKING pc=0x00000000032e582a sp=0x0000000002dbe160 mode 2
Event: 4.054 Thread 0x0000000017258000 DEOPT PACKING pc=0x000000000392e9a9 sp=0x0000000017bcf080
Event: 4.054 Thread 0x0000000017258000 DEOPT UNPACKING pc=0x00000000032e787f sp=0x0000000017bcee88 mode 0


Dynamic libraries:
0x00007ff613c00000 - 0x00007ff613c37000 	D:\Java\jdk1.8\bin\java.exe
0x00007ff8b4410000 - 0x00007ff8b45d1000 	C:\windows\SYSTEM32\ntdll.dll
0x00007ff8b2520000 - 0x00007ff8b25cd000 	C:\windows\system32\KERNEL32.DLL
0x00007ff8b0cc0000 - 0x00007ff8b0ea8000 	C:\windows\system32\KERNELBASE.dll
0x00007ff8b1850000 - 0x00007ff8b18f7000 	C:\windows\system32\ADVAPI32.dll
0x00007ff8b1fc0000 - 0x00007ff8b205d000 	C:\windows\system32\msvcrt.dll
0x00007ff8b2110000 - 0x00007ff8b216b000 	C:\windows\system32\sechost.dll
0x00007ff8b4120000 - 0x00007ff8b423c000 	C:\windows\system32\RPCRT4.dll
0x00007ff8b25d0000 - 0x00007ff8b2726000 	C:\windows\system32\USER32.dll
0x00007ff8b1d60000 - 0x00007ff8b1ee6000 	C:\windows\system32\GDI32.dll
0x00007ff8a52b0000 - 0x00007ff8a5524000 	C:\windows\WinSxS\amd64_microsoft.windows.common-controls_6595b64144ccf1df_6.0.10586.494_none_a2d8b04ea53e3145\COMCTL32.dll
0x00007ff8b1ae0000 - 0x00007ff8b1d5d000 	C:\windows\system32\combase.dll
0x00007ff8b0b80000 - 0x00007ff8b0bea000 	C:\windows\system32\bcryptPrimitives.dll
0x00007ff8b4350000 - 0x00007ff8b438b000 	C:\windows\system32\IMM32.DLL
0x0000000057e10000 - 0x0000000057ee2000 	D:\Java\jdk1.8\jre\bin\msvcr100.dll
0x00000000582c0000 - 0x0000000058b43000 	D:\Java\jdk1.8\jre\bin\server\jvm.dll
0x00007ff8b1900000 - 0x00007ff8b1908000 	C:\windows\system32\PSAPI.DLL
0x00007ff8a5dc0000 - 0x00007ff8a5dc9000 	C:\windows\SYSTEM32\WSOCK32.dll
0x00007ff8b24a0000 - 0x00007ff8b250b000 	C:\windows\system32\WS2_32.dll
0x00007ff8aed40000 - 0x00007ff8aed63000 	C:\windows\SYSTEM32\WINMM.dll
0x00007ff8a5680000 - 0x00007ff8a568a000 	C:\windows\SYSTEM32\VERSION.dll
0x00007ff8aec20000 - 0x00007ff8aec4c000 	C:\windows\SYSTEM32\WINMMBASE.dll
0x00007ff8b0aa0000 - 0x00007ff8b0ae3000 	C:\windows\system32\cfgmgr32.dll
0x00000000582b0000 - 0x00000000582bf000 	D:\Java\jdk1.8\jre\bin\verify.dll
0x0000000058280000 - 0x00000000582a9000 	D:\Java\jdk1.8\jre\bin\java.dll
0x0000000058260000 - 0x0000000058276000 	D:\Java\jdk1.8\jre\bin\zip.dll
0x00007ff8b2bc0000 - 0x00007ff8b411c000 	C:\windows\system32\SHELL32.dll
0x00007ff8b0eb0000 - 0x00007ff8b14f5000 	C:\windows\system32\windows.storage.dll
0x00007ff8b2730000 - 0x00007ff8b2782000 	C:\windows\system32\shlwapi.dll
0x00007ff8b0a10000 - 0x00007ff8b0a1f000 	C:\windows\system32\kernel.appcore.dll
0x00007ff8b1500000 - 0x00007ff8b15b5000 	C:\windows\system32\shcore.dll
0x00007ff8b0a20000 - 0x00007ff8b0a6b000 	C:\windows\system32\powrprof.dll
0x00007ff8b0a80000 - 0x00007ff8b0a94000 	C:\windows\system32\profapi.dll
0x00007ff895fd0000 - 0x00007ff89615c000 	C:\windows\SYSTEM32\dbghelp.dll

VM Arguments:
jvm_args: -Djava.awt.headless=true -Xmx1024M -Dfile.encoding=GBK -Duser.country=CN -Duser.language=zh -Duser.variant 
java_command: com.android.dx.command.Main --dex --force-jumbo --num-threads=4 --multi-dex --output D:\Android\projects\superCurtain2\app\build\intermediates\transforms\dex\debug\folders\1000\10\com.android.support-support-compat-24.2.1_21b1b074b47b5aa014166f2e82424224a9141d15 D:\Android\projects\superCurtain2\app\build\intermediates\exploded-aar\com.android.support\support-compat\24.2.1\jars\classes.jar
java_class_path (initial): D:\Android\AndroidSDK\build-tools\24.0.2\lib\dx.jar
Launcher Type: SUN_STANDARD

Environment Variables:
JAVA_HOME=D:\Java\jdk1.8
CLASSPATH=.;D:\Java\jdk1.8\lib;D:\Java\jdk1.8\lib\tools.jar
PATH=D:\OpenCV3.0\opencv\build\x64\vc12\bin;D:\OpenCV3.0\opencv\build\x86\vc12\bin;D:\CMake\bin;D:\ARMDS5\bin;D:\OpenCV1.0\bin;
USERNAME=yuq32
OS=Windows_NT
PROCESSOR_IDENTIFIER=Intel64 Family 6 Model 58 Stepping 9, GenuineIntel



---------------  S Y S T E M  ---------------

OS: Windows 10.0 , 64 bit Build 10586 (10.0.10586.0)

CPU:total 4 (2 cores per cpu, 2 threads per core) family 6 model 58 stepping 9, cmov, cx8, fxsr, mmx, sse, sse2, sse3, ssse3, sse4.1, sse4.2, popcnt, avx, aes, clmul, erms, ht, tsc, tscinvbit, tscinv

Memory: 4k page, physical 8272832k(1617632k free), swap 8272832k(5168k free)

vm_info: Java HotSpot(TM) 64-Bit Server VM (25.45-b02) for windows-amd64 JRE (1.8.0_45-b15), built on Apr 30 2015 12:40:44 by "java_re" with MS VC++ 10.0 (VS2010)

time: Mon Oct 03 23:41:22 2016
elapsed time: 4 seconds (0d 0h 0m 4s)

